<?xml version="1.0" encoding="utf-8"?>
<coverage line-rate="0.9514" branch-rate="0.8195999999999999" version="1.9" timestamp="1779446468" lines-covered="881" lines-valid="926" branches-covered="150" branches-valid="183">
  <sources>
    <source>C:\Users\harsh.gupta\Downloads\FileUploadService_Main\FileUploadService\FileUploadService\</source>
  </sources>
  <packages>
    <package name="FileUploadService" line-rate="0.9514" branch-rate="0.8195999999999999" complexity="243">
      <classes>
        <class name="Program" filename="Program.cs" line-rate="0.7176" branch-rate="0.1666" complexity="12">
          <methods>
            <method name="&lt;Main&gt;$" signature="(System.String[])" line-rate="0.7176" branch-rate="0.1666" complexity="12">
              <lines>
                <line number="7" hits="7" branch="False" />
                <line number="9" hits="7" branch="False" />
                <line number="10" hits="7" branch="False" />
                <line number="11" hits="7" branch="False" />
                <line number="12" hits="7" branch="False" />
                <line number="13" hits="0" branch="False" />
                <line number="14" hits="0" branch="False" />
                <line number="15" hits="0" branch="True" condition-coverage="0% (0/2)">
                  <conditions>
                    <condition number="8" type="jump" coverage="0%" />
                  </conditions>
                </line>
                <line number="16" hits="0" branch="False" />
                <line number="17" hits="0" branch="True" condition-coverage="0% (0/2)">
                  <conditions>
                    <condition number="27" type="jump" coverage="0%" />
                  </conditions>
                </line>
                <line number="18" hits="0" branch="False" />
                <line number="19" hits="0" branch="False" />
                <line number="20" hits="0" branch="False" />
                <line number="21" hits="0" branch="False" />
                <line number="22" hits="7" branch="False" />
                <line number="23" hits="0" branch="True" condition-coverage="0% (0/4)">
                  <conditions>
                    <condition number="107" type="jump" coverage="0%" />
                    <condition number="119" type="jump" coverage="0%" />
                  </conditions>
                </line>
                <line number="24" hits="0" branch="False" />
                <line number="25" hits="7" branch="False" />
                <line number="26" hits="0" branch="False" />
                <line number="27" hits="0" branch="False" />
                <line number="28" hits="0" branch="False" />
                <line number="29" hits="0" branch="False" />
                <line number="30" hits="0" branch="False" />
                <line number="31" hits="0" branch="False" />
                <line number="32" hits="0" branch="False" />
                <line number="33" hits="7" branch="False" />
                <line number="34" hits="0" branch="False" />
                <line number="35" hits="7" branch="False" />
                <line number="36" hits="14" branch="False" />
                <line number="38" hits="7" branch="False" />
                <line number="39" hits="7" branch="False" />
                <line number="40" hits="7" branch="False" />
                <line number="41" hits="7" branch="False" />
                <line number="42" hits="7" branch="False" />
                <line number="43" hits="7" branch="False" />
                <line number="44" hits="7" branch="False" />
                <line number="45" hits="7" branch="False" />
                <line number="46" hits="7" branch="False" />
                <line number="47" hits="14" branch="False" />
                <line number="49" hits="7" branch="False" />
                <line number="50" hits="7" branch="False" />
                <line number="51" hits="7" branch="False" />
                <line number="53" hits="7" branch="False" />
                <line number="54" hits="7" branch="False" />
                <line number="55" hits="7" branch="False" />
                <line number="57" hits="7" branch="False" />
                <line number="58" hits="7" branch="False" />
                <line number="59" hits="7" branch="False" />
                <line number="61" hits="7" branch="False" />
                <line number="62" hits="7" branch="False" />
                <line number="63" hits="7" branch="False" />
                <line number="65" hits="7" branch="False" />
                <line number="66" hits="7" branch="False" />
                <line number="68" hits="7" branch="False" />
                <line number="69" hits="0" branch="False" />
                <line number="70" hits="0" branch="False" />
                <line number="71" hits="7" branch="False" />
                <line number="73" hits="7" branch="False" />
                <line number="74" hits="7" branch="False" />
                <line number="75" hits="7" branch="False" />
                <line number="76" hits="7" branch="False" />
                <line number="77" hits="7" branch="False" />
                <line number="78" hits="14" branch="False" />
                <line number="80" hits="7" branch="False" />
                <line number="82" hits="7" branch="False" />
                <line number="83" hits="7" branch="False" />
                <line number="84" hits="7" branch="False" />
                <line number="85" hits="7" branch="False" />
                <line number="86" hits="7" branch="False" />
                <line number="87" hits="7" branch="False" />
                <line number="88" hits="14" branch="False" />
                <line number="92" hits="7" branch="False" />
                <line number="93" hits="7" branch="False" />
                <line number="94" hits="7" branch="False" />
                <line number="96" hits="7" branch="True" condition-coverage="50% (1/2)">
                  <conditions>
                    <condition number="445" type="jump" coverage="50%" />
                  </conditions>
                </line>
                <line number="97" hits="0" branch="False" />
                <line number="98" hits="0" branch="False" />
                <line number="99" hits="0" branch="False" />
                <line number="101" hits="7" branch="False" />
                <line number="103" hits="7" branch="True" condition-coverage="50% (1/2)">
                  <conditions>
                    <condition number="485" type="jump" coverage="50%" />
                  </conditions>
                </line>
                <line number="104" hits="7" branch="False" />
                <line number="105" hits="7" branch="False" />
                <line number="106" hits="7" branch="False" />
                <line number="107" hits="7" branch="False" />
                <line number="109" hits="7" branch="False" />
              </lines>
            </method>
          </methods>
          <lines>
            <line number="7" hits="7" branch="False" />
            <line number="9" hits="7" branch="False" />
            <line number="10" hits="7" branch="False" />
            <line number="11" hits="7" branch="False" />
            <line number="12" hits="7" branch="False" />
            <line number="13" hits="0" branch="False" />
            <line number="14" hits="0" branch="False" />
            <line number="15" hits="0" branch="True" condition-coverage="0% (0/2)">
              <conditions>
                <condition number="8" type="jump" coverage="0%" />
              </conditions>
            </line>
            <line number="16" hits="0" branch="False" />
            <line number="17" hits="0" branch="True" condition-coverage="0% (0/2)">
              <conditions>
                <condition number="27" type="jump" coverage="0%" />
              </conditions>
            </line>
            <line number="18" hits="0" branch="False" />
            <line number="19" hits="0" branch="False" />
            <line number="20" hits="0" branch="False" />
            <line number="21" hits="0" branch="False" />
            <line number="22" hits="7" branch="False" />
            <line number="23" hits="0" branch="True" condition-coverage="0% (0/4)">
              <conditions>
                <condition number="107" type="jump" coverage="0%" />
                <condition number="119" type="jump" coverage="0%" />
              </conditions>
            </line>
            <line number="24" hits="0" branch="False" />
            <line number="25" hits="7" branch="False" />
            <line number="26" hits="0" branch="False" />
            <line number="27" hits="0" branch="False" />
            <line number="28" hits="0" branch="False" />
            <line number="29" hits="0" branch="False" />
            <line number="30" hits="0" branch="False" />
            <line number="31" hits="0" branch="False" />
            <line number="32" hits="0" branch="False" />
            <line number="33" hits="7" branch="False" />
            <line number="34" hits="0" branch="False" />
            <line number="35" hits="7" branch="False" />
            <line number="36" hits="14" branch="False" />
            <line number="38" hits="7" branch="False" />
            <line number="39" hits="7" branch="False" />
            <line number="40" hits="7" branch="False" />
            <line number="41" hits="7" branch="False" />
            <line number="42" hits="7" branch="False" />
            <line number="43" hits="7" branch="False" />
            <line number="44" hits="7" branch="False" />
            <line number="45" hits="7" branch="False" />
            <line number="46" hits="7" branch="False" />
            <line number="47" hits="14" branch="False" />
            <line number="49" hits="7" branch="False" />
            <line number="50" hits="7" branch="False" />
            <line number="51" hits="7" branch="False" />
            <line number="53" hits="7" branch="False" />
            <line number="54" hits="7" branch="False" />
            <line number="55" hits="7" branch="False" />
            <line number="57" hits="7" branch="False" />
            <line number="58" hits="7" branch="False" />
            <line number="59" hits="7" branch="False" />
            <line number="61" hits="7" branch="False" />
            <line number="62" hits="7" branch="False" />
            <line number="63" hits="7" branch="False" />
            <line number="65" hits="7" branch="False" />
            <line number="66" hits="7" branch="False" />
            <line number="68" hits="7" branch="False" />
            <line number="69" hits="0" branch="False" />
            <line number="70" hits="0" branch="False" />
            <line number="71" hits="7" branch="False" />
            <line number="73" hits="7" branch="False" />
            <line number="74" hits="7" branch="False" />
            <line number="75" hits="7" branch="False" />
            <line number="76" hits="7" branch="False" />
            <line number="77" hits="7" branch="False" />
            <line number="78" hits="14" branch="False" />
            <line number="80" hits="7" branch="False" />
            <line number="82" hits="7" branch="False" />
            <line number="83" hits="7" branch="False" />
            <line number="84" hits="7" branch="False" />
            <line number="85" hits="7" branch="False" />
            <line number="86" hits="7" branch="False" />
            <line number="87" hits="7" branch="False" />
            <line number="88" hits="14" branch="False" />
            <line number="92" hits="7" branch="False" />
            <line number="93" hits="7" branch="False" />
            <line number="94" hits="7" branch="False" />
            <line number="96" hits="7" branch="True" condition-coverage="50% (1/2)">
              <conditions>
                <condition number="445" type="jump" coverage="50%" />
              </conditions>
            </line>
            <line number="97" hits="0" branch="False" />
            <line number="98" hits="0" branch="False" />
            <line number="99" hits="0" branch="False" />
            <line number="101" hits="7" branch="False" />
            <line number="103" hits="7" branch="True" condition-coverage="50% (1/2)">
              <conditions>
                <condition number="485" type="jump" coverage="50%" />
              </conditions>
            </line>
            <line number="104" hits="7" branch="False" />
            <line number="105" hits="7" branch="False" />
            <line number="106" hits="7" branch="False" />
            <line number="107" hits="7" branch="False" />
            <line number="109" hits="7" branch="False" />
          </lines>
        </class>
        <class name="FileUploadService.Middleware.CorrelationIdMiddleware" filename="Middleware\CorrelationIdMiddleware.cs" line-rate="1" branch-rate="1" complexity="1">
          <methods>
            <method name=".ctor" signature="(Microsoft.AspNetCore.Http.RequestDelegate,Microsoft.Extensions.Logging.ILogger`1&lt;FileUploadService.Middleware.CorrelationIdMiddleware&gt;)" line-rate="1" branch-rate="1" complexity="1">
              <lines>
                <line number="10" hits="14" branch="False" />
                <line number="11" hits="14" branch="False" />
                <line number="12" hits="14" branch="False" />
                <line number="13" hits="14" branch="False" />
                <line number="14" hits="14" branch="False" />
              </lines>
            </method>
          </methods>
          <lines>
            <line number="10" hits="14" branch="False" />
            <line number="11" hits="14" branch="False" />
            <line number="12" hits="14" branch="False" />
            <line number="13" hits="14" branch="False" />
            <line number="14" hits="14" branch="False" />
          </lines>
        </class>
        <class name="FileUploadService.Middleware.CorrelationIdMiddleware/&lt;&gt;c__DisplayClass4_0" filename="Middleware\CorrelationIdMiddleware.cs" line-rate="1" branch-rate="1" complexity="1">
          <methods>
            <method name="&lt;InvokeAsync&gt;b__0" signature="()" line-rate="1" branch-rate="1" complexity="1">
              <lines>
                <line number="28" hits="25" branch="False" />
                <line number="29" hits="25" branch="False" />
                <line number="30" hits="25" branch="False" />
                <line number="31" hits="58" branch="False" />
              </lines>
            </method>
          </methods>
          <lines>
            <line number="28" hits="25" branch="False" />
            <line number="29" hits="25" branch="False" />
            <line number="30" hits="25" branch="False" />
            <line number="31" hits="58" branch="False" />
          </lines>
        </class>
        <class name="FileUploadService.Middleware.CorrelationIdMiddleware/&lt;InvokeAsync&gt;d__4" filename="Middleware\CorrelationIdMiddleware.cs" line-rate="1" branch-rate="1" complexity="2">
          <methods>
            <method name="MoveNext" signature="()" line-rate="1" branch-rate="1" complexity="2">
              <lines>
                <line number="17" hits="33" branch="False" />
                <line number="19" hits="33" branch="True" condition-coverage="100% (2/2)">
                  <conditions>
                    <condition number="94" type="jump" coverage="100%" />
                  </conditions>
                </line>
                <line number="20" hits="33" branch="False" />
                <line number="24" hits="33" branch="False" />
                <line number="27" hits="33" branch="False" />
                <line number="34" hits="33" branch="False" />
                <line number="35" hits="33" branch="False" />
                <line number="36" hits="33" branch="False" />
                <line number="37" hits="33" branch="False" />
                <line number="38" hits="33" branch="False" />
                <line number="39" hits="33" branch="False" />
                <line number="40" hits="33" branch="False" />
                <line number="41" hits="33" branch="False" />
              </lines>
            </method>
          </methods>
          <lines>
            <line number="17" hits="33" branch="False" />
            <line number="19" hits="33" branch="True" condition-coverage="100% (2/2)">
              <conditions>
                <condition number="94" type="jump" coverage="100%" />
              </conditions>
            </line>
            <line number="20" hits="33" branch="False" />
            <line number="24" hits="33" branch="False" />
            <line number="27" hits="33" branch="False" />
            <line number="34" hits="33" branch="False" />
            <line number="35" hits="33" branch="False" />
            <line number="36" hits="33" branch="False" />
            <line number="37" hits="33" branch="False" />
            <line number="38" hits="33" branch="False" />
            <line number="39" hits="33" branch="False" />
            <line number="40" hits="33" branch="False" />
            <line number="41" hits="33" branch="False" />
          </lines>
        </class>
        <class name="FileUploadService.Middleware.GlobalExceptionMiddleware" filename="Middleware\GlobalExceptionMiddleware.cs" line-rate="1" branch-rate="1" complexity="5">
          <methods>
            <method name="GetCorrelationId" signature="(Microsoft.AspNetCore.Http.HttpContext)" line-rate="1" branch-rate="1" complexity="4">
              <lines>
                <line number="112" hits="14" branch="True" condition-coverage="100% (4/4)">
                  <conditions>
                    <condition number="17" type="jump" coverage="100%" />
                    <condition number="29" type="jump" coverage="100%" />
                  </conditions>
                </line>
              </lines>
            </method>
            <method name=".ctor" signature="(Microsoft.AspNetCore.Http.RequestDelegate,Microsoft.Extensions.Logging.ILogger`1&lt;FileUploadService.Middleware.GlobalExceptionMiddleware&gt;)" line-rate="1" branch-rate="1" complexity="1">
              <lines>
                <line number="12" hits="17" branch="False" />
                <line number="13" hits="17" branch="False" />
                <line number="14" hits="17" branch="False" />
                <line number="15" hits="17" branch="False" />
                <line number="16" hits="17" branch="False" />
              </lines>
            </method>
          </methods>
          <lines>
            <line number="112" hits="14" branch="True" condition-coverage="100% (4/4)">
              <conditions>
                <condition number="17" type="jump" coverage="100%" />
                <condition number="29" type="jump" coverage="100%" />
              </conditions>
            </line>
            <line number="12" hits="17" branch="False" />
            <line number="13" hits="17" branch="False" />
            <line number="14" hits="17" branch="False" />
            <line number="15" hits="17" branch="False" />
            <line number="16" hits="17" branch="False" />
          </lines>
        </class>
        <class name="FileUploadService.Middleware.GlobalExceptionMiddleware/&lt;InvokeAsync&gt;d__3" filename="Middleware\GlobalExceptionMiddleware.cs" line-rate="1" branch-rate="0.8571" complexity="7">
          <methods>
            <method name="MoveNext" signature="()" line-rate="1" branch-rate="0.8571" complexity="7">
              <lines>
                <line number="19" hits="35" branch="False" />
                <line number="21" hits="35" branch="False" />
                <line number="22" hits="35" branch="False" />
                <line number="23" hits="21" branch="False" />
                <line number="24" hits="3" branch="False" />
                <line number="25" hits="3" branch="False" />
                <line number="26" hits="3" branch="False" />
                <line number="27" hits="3" branch="False" />
                <line number="28" hits="3" branch="False" />
                <line number="29" hits="3" branch="False" />
                <line number="30" hits="3" branch="False" />
                <line number="32" hits="3" branch="False" />
                <line number="33" hits="3" branch="False" />
                <line number="34" hits="3" branch="False" />
                <line number="35" hits="3" branch="False" />
                <line number="36" hits="3" branch="False" />
                <line number="37" hits="3" branch="False" />
                <line number="38" hits="3" branch="False" />
                <line number="39" hits="3" branch="False" />
                <line number="40" hits="3" branch="False" />
                <line number="41" hits="3" branch="False" />
                <line number="42" hits="3" branch="False" />
                <line number="43" hits="3" branch="False" />
                <line number="44" hits="3" branch="False" />
                <line number="46" hits="3" branch="False" />
                <line number="47" hits="3" branch="False" />
                <line number="49" hits="3" branch="False" />
                <line number="50" hits="3" branch="False" />
                <line number="51" hits="3" branch="False" />
                <line number="52" hits="3" branch="False" />
                <line number="53" hits="3" branch="False" />
                <line number="54" hits="3" branch="False" />
                <line number="55" hits="3" branch="False" />
                <line number="57" hits="3" branch="False" />
                <line number="58" hits="3" branch="False" />
                <line number="59" hits="3" branch="False" />
                <line number="60" hits="3" branch="False" />
                <line number="61" hits="3" branch="False" />
                <line number="62" hits="3" branch="False" />
                <line number="63" hits="3" branch="False" />
                <line number="65" hits="3" branch="False" />
                <line number="66" hits="3" branch="False" />
                <line number="67" hits="2" branch="False" />
                <line number="68" hits="2" branch="False" />
                <line number="69" hits="2" branch="False" />
                <line number="70" hits="2" branch="False" />
                <line number="71" hits="2" branch="False" />
                <line number="72" hits="2" branch="False" />
                <line number="73" hits="2" branch="False" />
                <line number="75" hits="2" branch="False" />
                <line number="76" hits="2" branch="False" />
                <line number="77" hits="2" branch="False" />
                <line number="78" hits="2" branch="False" />
                <line number="79" hits="2" branch="False" />
                <line number="80" hits="2" branch="False" />
                <line number="82" hits="2" branch="False" />
                <line number="83" hits="2" branch="False" />
                <line number="85" hits="6" branch="True" condition-coverage="100% (5/5)">
                  <conditions>
                    <condition number="275" type="switch" coverage="100%" />
                  </conditions>
                </line>
                <line number="86" hits="6" branch="False" />
                <line number="87" hits="6" branch="False" />
                <line number="88" hits="6" branch="False" />
                <line number="89" hits="6" branch="False" />
                <line number="90" hits="6" branch="False" />
                <line number="91" hits="6" branch="False" />
                <line number="92" hits="6" branch="False" />
                <line number="93" hits="6" branch="False" />
                <line number="94" hits="6" branch="False" />
                <line number="96" hits="6" branch="True" condition-coverage="50% (1/2)">
                  <conditions>
                    <condition number="1315" type="jump" coverage="50%" />
                  </conditions>
                </line>
                <line number="97" hits="6" branch="False" />
                <line number="98" hits="6" branch="False" />
                <line number="99" hits="6" branch="False" />
                <line number="100" hits="6" branch="False" />
                <line number="101" hits="6" branch="False" />
                <line number="102" hits="6" branch="False" />
                <line number="103" hits="6" branch="False" />
                <line number="104" hits="6" branch="False" />
                <line number="105" hits="6" branch="False" />
                <line number="107" hits="6" branch="False" />
                <line number="108" hits="6" branch="False" />
                <line number="109" hits="35" branch="False" />
              </lines>
            </method>
          </methods>
          <lines>
            <line number="19" hits="35" branch="False" />
            <line number="21" hits="35" branch="False" />
            <line number="22" hits="35" branch="False" />
            <line number="23" hits="21" branch="False" />
            <line number="24" hits="3" branch="False" />
            <line number="25" hits="3" branch="False" />
            <line number="26" hits="3" branch="False" />
            <line number="27" hits="3" branch="False" />
            <line number="28" hits="3" branch="False" />
            <line number="29" hits="3" branch="False" />
            <line number="30" hits="3" branch="False" />
            <line number="32" hits="3" branch="False" />
            <line number="33" hits="3" branch="False" />
            <line number="34" hits="3" branch="False" />
            <line number="35" hits="3" branch="False" />
            <line number="36" hits="3" branch="False" />
            <line number="37" hits="3" branch="False" />
            <line number="38" hits="3" branch="False" />
            <line number="39" hits="3" branch="False" />
            <line number="40" hits="3" branch="False" />
            <line number="41" hits="3" branch="False" />
            <line number="42" hits="3" branch="False" />
            <line number="43" hits="3" branch="False" />
            <line number="44" hits="3" branch="False" />
            <line number="46" hits="3" branch="False" />
            <line number="47" hits="3" branch="False" />
            <line number="49" hits="3" branch="False" />
            <line number="50" hits="3" branch="False" />
            <line number="51" hits="3" branch="False" />
            <line number="52" hits="3" branch="False" />
            <line number="53" hits="3" branch="False" />
            <line number="54" hits="3" branch="False" />
            <line number="55" hits="3" branch="False" />
            <line number="57" hits="3" branch="False" />
            <line number="58" hits="3" branch="False" />
            <line number="59" hits="3" branch="False" />
            <line number="60" hits="3" branch="False" />
            <line number="61" hits="3" branch="False" />
            <line number="62" hits="3" branch="False" />
            <line number="63" hits="3" branch="False" />
            <line number="65" hits="3" branch="False" />
            <line number="66" hits="3" branch="False" />
            <line number="67" hits="2" branch="False" />
            <line number="68" hits="2" branch="False" />
            <line number="69" hits="2" branch="False" />
            <line number="70" hits="2" branch="False" />
            <line number="71" hits="2" branch="False" />
            <line number="72" hits="2" branch="False" />
            <line number="73" hits="2" branch="False" />
            <line number="75" hits="2" branch="False" />
            <line number="76" hits="2" branch="False" />
            <line number="77" hits="2" branch="False" />
            <line number="78" hits="2" branch="False" />
            <line number="79" hits="2" branch="False" />
            <line number="80" hits="2" branch="False" />
            <line number="82" hits="2" branch="False" />
            <line number="83" hits="2" branch="False" />
            <line number="85" hits="6" branch="True" condition-coverage="100% (5/5)">
              <conditions>
                <condition number="275" type="switch" coverage="100%" />
              </conditions>
            </line>
            <line number="86" hits="6" branch="False" />
            <line number="87" hits="6" branch="False" />
            <line number="88" hits="6" branch="False" />
            <line number="89" hits="6" branch="False" />
            <line number="90" hits="6" branch="False" />
            <line number="91" hits="6" branch="False" />
            <line number="92" hits="6" branch="False" />
            <line number="93" hits="6" branch="False" />
            <line number="94" hits="6" branch="False" />
            <line number="96" hits="6" branch="True" condition-coverage="50% (1/2)">
              <conditions>
                <condition number="1315" type="jump" coverage="50%" />
              </conditions>
            </line>
            <line number="97" hits="6" branch="False" />
            <line number="98" hits="6" branch="False" />
            <line number="99" hits="6" branch="False" />
            <line number="100" hits="6" branch="False" />
            <line number="101" hits="6" branch="False" />
            <line number="102" hits="6" branch="False" />
            <line number="103" hits="6" branch="False" />
            <line number="104" hits="6" branch="False" />
            <line number="105" hits="6" branch="False" />
            <line number="107" hits="6" branch="False" />
            <line number="108" hits="6" branch="False" />
            <line number="109" hits="35" branch="False" />
          </lines>
        </class>
        <class name="FileUploadService.Middleware.GlobalExceptionMiddleware/&lt;WriteErrorResponseAsync&gt;d__5" filename="Middleware\GlobalExceptionMiddleware.cs" line-rate="0.909" branch-rate="0.5" complexity="4">
          <methods>
            <method name="MoveNext" signature="()" line-rate="0.909" branch-rate="0.5" complexity="4">
              <lines>
                <line number="115" hits="14" branch="False" />
                <line number="116" hits="14" branch="True" condition-coverage="50% (2/4)">
                  <conditions>
                    <condition number="34" type="jump" coverage="50%" />
                    <condition number="65" type="jump" coverage="50%" />
                  </conditions>
                </line>
                <line number="117" hits="0" branch="False" />
                <line number="119" hits="14" branch="False" />
                <line number="120" hits="14" branch="False" />
                <line number="122" hits="14" branch="False" />
                <line number="123" hits="14" branch="False" />
                <line number="124" hits="14" branch="False" />
                <line number="125" hits="14" branch="False" />
                <line number="127" hits="14" branch="False" />
                <line number="128" hits="14" branch="False" />
              </lines>
            </method>
          </methods>
          <lines>
            <line number="115" hits="14" branch="False" />
            <line number="116" hits="14" branch="True" condition-coverage="50% (2/4)">
              <conditions>
                <condition number="34" type="jump" coverage="50%" />
                <condition number="65" type="jump" coverage="50%" />
              </conditions>
            </line>
            <line number="117" hits="0" branch="False" />
            <line number="119" hits="14" branch="False" />
            <line number="120" hits="14" branch="False" />
            <line number="122" hits="14" branch="False" />
            <line number="123" hits="14" branch="False" />
            <line number="124" hits="14" branch="False" />
            <line number="125" hits="14" branch="False" />
            <line number="127" hits="14" branch="False" />
            <line number="128" hits="14" branch="False" />
          </lines>
        </class>
        <class name="FileUploadService.Middleware.RequestLoggingMiddleware" filename="Middleware\RequestLoggingMiddleware.cs" line-rate="1" branch-rate="0.75" complexity="4">
          <methods>
            <method name=".ctor" signature="(Microsoft.AspNetCore.Http.RequestDelegate,Microsoft.Extensions.Configuration.IConfiguration)" line-rate="1" branch-rate="0.75" complexity="4">
              <lines>
                <line number="10" hits="18" branch="False" />
                <line number="11" hits="18" branch="False" />
                <line number="12" hits="18" branch="False" />
                <line number="18" hits="18" branch="True" condition-coverage="50% (1/2)">
                  <conditions>
                    <condition number="27" type="jump" coverage="50%" />
                  </conditions>
                </line>
                <line number="19" hits="18" branch="True" condition-coverage="100% (2/2)">
                  <conditions>
                    <condition number="43" type="jump" coverage="100%" />
                  </conditions>
                </line>
                <line number="20" hits="18" branch="False" />
                <line number="21" hits="18" branch="False" />
                <line number="22" hits="18" branch="False" />
              </lines>
            </method>
          </methods>
          <lines>
            <line number="10" hits="18" branch="False" />
            <line number="11" hits="18" branch="False" />
            <line number="12" hits="18" branch="False" />
            <line number="18" hits="18" branch="True" condition-coverage="50% (1/2)">
              <conditions>
                <condition number="27" type="jump" coverage="50%" />
              </conditions>
            </line>
            <line number="19" hits="18" branch="True" condition-coverage="100% (2/2)">
              <conditions>
                <condition number="43" type="jump" coverage="100%" />
              </conditions>
            </line>
            <line number="20" hits="18" branch="False" />
            <line number="21" hits="18" branch="False" />
            <line number="22" hits="18" branch="False" />
          </lines>
        </class>
        <class name="FileUploadService.Middleware.RequestLoggingMiddleware/&lt;InvokeAsync&gt;d__3" filename="Middleware\RequestLoggingMiddleware.cs" line-rate="1" branch-rate="1" complexity="14">
          <methods>
            <method name="MoveNext" signature="()" line-rate="1" branch-rate="1" complexity="14">
              <lines>
                <line number="25" hits="36" branch="False" />
                <line number="26" hits="36" branch="False" />
                <line number="28" hits="36" branch="False" />
                <line number="29" hits="36" branch="False" />
                <line number="30" hits="36" branch="False" />
                <line number="31" hits="36" branch="False" />
                <line number="32" hits="36" branch="False" />
                <line number="33" hits="36" branch="False" />
                <line number="35" hits="36" branch="False" />
                <line number="36" hits="36" branch="False" />
                <line number="37" hits="36" branch="False" />
                <line number="38" hits="36" branch="False" />
                <line number="40" hits="36" branch="False" />
                <line number="41" hits="36" branch="False" />
                <line number="42" hits="36" branch="False" />
                <line number="43" hits="36" branch="False" />
                <line number="46" hits="36" branch="False" />
                <line number="48" hits="36" branch="True" condition-coverage="100% (4/4)">
                  <conditions>
                    <condition number="407" type="jump" coverage="100%" />
                    <condition number="419" type="jump" coverage="100%" />
                  </conditions>
                </line>
                <line number="50" hits="36" branch="False" />
                <line number="56" hits="36" branch="False" />
                <line number="57" hits="36" branch="True" condition-coverage="100% (2/2)">
                  <conditions>
                    <condition number="478" type="jump" coverage="100%" />
                  </conditions>
                </line>
                <line number="58" hits="36" branch="False" />
                <line number="60" hits="36" branch="True" condition-coverage="100% (4/4)">
                  <conditions>
                    <condition number="520" type="jump" coverage="100%" />
                    <condition number="568" type="jump" coverage="100%" />
                  </conditions>
                </line>
                <line number="61" hits="1" branch="False" />
                <line number="62" hits="1" branch="False" />
                <line number="63" hits="1" branch="False" />
                <line number="64" hits="1" branch="False" />
                <line number="65" hits="1" branch="False" />
                <line number="66" hits="35" branch="True" condition-coverage="100% (2/2)">
                  <conditions>
                    <condition number="817" type="jump" coverage="100%" />
                  </conditions>
                </line>
                <line number="67" hits="10" branch="False" />
                <line number="68" hits="10" branch="False" />
                <line number="69" hits="10" branch="False" />
                <line number="71" hits="36" branch="False" />
                <line number="72" hits="36" branch="False" />
                <line number="73" hits="36" branch="False" />
                <line number="74" hits="36" branch="False" />
                <line number="75" hits="36" branch="False" />
                <line number="76" hits="36" branch="False" />
                <line number="77" hits="36" branch="False" />
                <line number="78" hits="36" branch="False" />
                <line number="79" hits="36" branch="False" />
                <line number="80" hits="36" branch="False" />
                <line number="82" hits="36" branch="False" />
                <line number="83" hits="36" branch="False" />
                <line number="84" hits="36" branch="False" />
                <line number="85" hits="36" branch="False" />
                <line number="86" hits="36" branch="False" />
                <line number="87" hits="36" branch="False" />
                <line number="88" hits="36" branch="False" />
                <line number="89" hits="36" branch="False" />
                <line number="91" hits="36" branch="False" />
                <line number="92" hits="36" branch="False" />
                <line number="93" hits="36" branch="False" />
                <line number="96" hits="36" branch="False" />
                <line number="97" hits="36" branch="False" />
                <line number="99" hits="29" branch="False" />
                <line number="100" hits="29" branch="False" />
                <line number="102" hits="29" branch="False" />
                <line number="103" hits="29" branch="False" />
                <line number="104" hits="29" branch="False" />
                <line number="105" hits="29" branch="False" />
                <line number="106" hits="29" branch="False" />
                <line number="107" hits="29" branch="False" />
                <line number="108" hits="29" branch="False" />
                <line number="109" hits="29" branch="False" />
                <line number="111" hits="29" branch="True" condition-coverage="100% (2/2)">
                  <conditions>
                    <condition number="2323" type="jump" coverage="100%" />
                  </conditions>
                </line>
                <line number="112" hits="12" branch="False" />
                <line number="113" hits="12" branch="False" />
                <line number="114" hits="12" branch="False" />
                <line number="115" hits="12" branch="False" />
                <line number="116" hits="12" branch="False" />
                <line number="117" hits="12" branch="False" />
                <line number="118" hits="12" branch="False" />
                <line number="119" hits="12" branch="False" />
                <line number="120" hits="12" branch="False" />
                <line number="121" hits="12" branch="False" />
                <line number="122" hits="12" branch="False" />
                <line number="124" hits="29" branch="False" />
                <line number="125" hits="29" branch="False" />
                <line number="126" hits="29" branch="False" />
                <line number="127" hits="29" branch="False" />
                <line number="128" hits="29" branch="False" />
                <line number="129" hits="29" branch="False" />
                <line number="130" hits="29" branch="False" />
                <line number="131" hits="29" branch="False" />
                <line number="133" hits="29" branch="False" />
                <line number="134" hits="29" branch="False" />
                <line number="135" hits="29" branch="False" />
                <line number="136" hits="7" branch="False" />
                <line number="137" hits="7" branch="False" />
                <line number="138" hits="7" branch="False" />
                <line number="139" hits="7" branch="False" />
                <line number="140" hits="7" branch="False" />
                <line number="141" hits="7" branch="False" />
                <line number="142" hits="7" branch="False" />
                <line number="143" hits="7" branch="False" />
                <line number="144" hits="7" branch="False" />
                <line number="145" hits="7" branch="False" />
                <line number="146" hits="7" branch="False" />
                <line number="148" hits="7" branch="False" />
                <line number="149" hits="7" branch="False" />
                <line number="150" hits="7" branch="False" />
                <line number="151" hits="7" branch="False" />
                <line number="152" hits="7" branch="False" />
                <line number="153" hits="7" branch="False" />
                <line number="154" hits="7" branch="False" />
                <line number="155" hits="7" branch="False" />
                <line number="157" hits="7" branch="False" />
                <line number="159" hits="7" branch="False" />
                <line number="161" hits="29" branch="False" />
              </lines>
            </method>
          </methods>
          <lines>
            <line number="25" hits="36" branch="False" />
            <line number="26" hits="36" branch="False" />
            <line number="28" hits="36" branch="False" />
            <line number="29" hits="36" branch="False" />
            <line number="30" hits="36" branch="False" />
            <line number="31" hits="36" branch="False" />
            <line number="32" hits="36" branch="False" />
            <line number="33" hits="36" branch="False" />
            <line number="35" hits="36" branch="False" />
            <line number="36" hits="36" branch="False" />
            <line number="37" hits="36" branch="False" />
            <line number="38" hits="36" branch="False" />
            <line number="40" hits="36" branch="False" />
            <line number="41" hits="36" branch="False" />
            <line number="42" hits="36" branch="False" />
            <line number="43" hits="36" branch="False" />
            <line number="46" hits="36" branch="False" />
            <line number="48" hits="36" branch="True" condition-coverage="100% (4/4)">
              <conditions>
                <condition number="407" type="jump" coverage="100%" />
                <condition number="419" type="jump" coverage="100%" />
              </conditions>
            </line>
            <line number="50" hits="36" branch="False" />
            <line number="56" hits="36" branch="False" />
            <line number="57" hits="36" branch="True" condition-coverage="100% (2/2)">
              <conditions>
                <condition number="478" type="jump" coverage="100%" />
              </conditions>
            </line>
            <line number="58" hits="36" branch="False" />
            <line number="60" hits="36" branch="True" condition-coverage="100% (4/4)">
              <conditions>
                <condition number="520" type="jump" coverage="100%" />
                <condition number="568" type="jump" coverage="100%" />
              </conditions>
            </line>
            <line number="61" hits="1" branch="False" />
            <line number="62" hits="1" branch="False" />
            <line number="63" hits="1" branch="False" />
            <line number="64" hits="1" branch="False" />
            <line number="65" hits="1" branch="False" />
            <line number="66" hits="35" branch="True" condition-coverage="100% (2/2)">
              <conditions>
                <condition number="817" type="jump" coverage="100%" />
              </conditions>
            </line>
            <line number="67" hits="10" branch="False" />
            <line number="68" hits="10" branch="False" />
            <line number="69" hits="10" branch="False" />
            <line number="71" hits="36" branch="False" />
            <line number="72" hits="36" branch="False" />
            <line number="73" hits="36" branch="False" />
            <line number="74" hits="36" branch="False" />
            <line number="75" hits="36" branch="False" />
            <line number="76" hits="36" branch="False" />
            <line number="77" hits="36" branch="False" />
            <line number="78" hits="36" branch="False" />
            <line number="79" hits="36" branch="False" />
            <line number="80" hits="36" branch="False" />
            <line number="82" hits="36" branch="False" />
            <line number="83" hits="36" branch="False" />
            <line number="84" hits="36" branch="False" />
            <line number="85" hits="36" branch="False" />
            <line number="86" hits="36" branch="False" />
            <line number="87" hits="36" branch="False" />
            <line number="88" hits="36" branch="False" />
            <line number="89" hits="36" branch="False" />
            <line number="91" hits="36" branch="False" />
            <line number="92" hits="36" branch="False" />
            <line number="93" hits="36" branch="False" />
            <line number="96" hits="36" branch="False" />
            <line number="97" hits="36" branch="False" />
            <line number="99" hits="29" branch="False" />
            <line number="100" hits="29" branch="False" />
            <line number="102" hits="29" branch="False" />
            <line number="103" hits="29" branch="False" />
            <line number="104" hits="29" branch="False" />
            <line number="105" hits="29" branch="False" />
            <line number="106" hits="29" branch="False" />
            <line number="107" hits="29" branch="False" />
            <line number="108" hits="29" branch="False" />
            <line number="109" hits="29" branch="False" />
            <line number="111" hits="29" branch="True" condition-coverage="100% (2/2)">
              <conditions>
                <condition number="2323" type="jump" coverage="100%" />
              </conditions>
            </line>
            <line number="112" hits="12" branch="False" />
            <line number="113" hits="12" branch="False" />
            <line number="114" hits="12" branch="False" />
            <line number="115" hits="12" branch="False" />
            <line number="116" hits="12" branch="False" />
            <line number="117" hits="12" branch="False" />
            <line number="118" hits="12" branch="False" />
            <line number="119" hits="12" branch="False" />
            <line number="120" hits="12" branch="False" />
            <line number="121" hits="12" branch="False" />
            <line number="122" hits="12" branch="False" />
            <line number="124" hits="29" branch="False" />
            <line number="125" hits="29" branch="False" />
            <line number="126" hits="29" branch="False" />
            <line number="127" hits="29" branch="False" />
            <line number="128" hits="29" branch="False" />
            <line number="129" hits="29" branch="False" />
            <line number="130" hits="29" branch="False" />
            <line number="131" hits="29" branch="False" />
            <line number="133" hits="29" branch="False" />
            <line number="134" hits="29" branch="False" />
            <line number="135" hits="29" branch="False" />
            <line number="136" hits="7" branch="False" />
            <line number="137" hits="7" branch="False" />
            <line number="138" hits="7" branch="False" />
            <line number="139" hits="7" branch="False" />
            <line number="140" hits="7" branch="False" />
            <line number="141" hits="7" branch="False" />
            <line number="142" hits="7" branch="False" />
            <line number="143" hits="7" branch="False" />
            <line number="144" hits="7" branch="False" />
            <line number="145" hits="7" branch="False" />
            <line number="146" hits="7" branch="False" />
            <line number="148" hits="7" branch="False" />
            <line number="149" hits="7" branch="False" />
            <line number="150" hits="7" branch="False" />
            <line number="151" hits="7" branch="False" />
            <line number="152" hits="7" branch="False" />
            <line number="153" hits="7" branch="False" />
            <line number="154" hits="7" branch="False" />
            <line number="155" hits="7" branch="False" />
            <line number="157" hits="7" branch="False" />
            <line number="159" hits="7" branch="False" />
            <line number="161" hits="29" branch="False" />
          </lines>
        </class>
        <class name="FileUploadService.Controllers.FilesController" filename="Controllers\FilesController.cs" line-rate="1" branch-rate="1" complexity="1">
          <methods>
            <method name=".ctor" signature="(FileUploadService.Application.Interfaces.IFileService,Microsoft.Extensions.Logging.ILogger`1&lt;FileUploadService.Controllers.FilesController&gt;)" line-rate="1" branch-rate="1" complexity="1">
              <lines>
                <line number="14" hits="33" branch="False" />
                <line number="15" hits="33" branch="False" />
                <line number="16" hits="33" branch="False" />
                <line number="17" hits="33" branch="False" />
                <line number="18" hits="33" branch="False" />
              </lines>
            </method>
          </methods>
          <lines>
            <line number="14" hits="33" branch="False" />
            <line number="15" hits="33" branch="False" />
            <line number="16" hits="33" branch="False" />
            <line number="17" hits="33" branch="False" />
            <line number="18" hits="33" branch="False" />
          </lines>
        </class>
        <class name="FileUploadService.Controllers.FilesController/&lt;DownloadFile&gt;d__4" filename="Controllers\FilesController.cs" line-rate="1" branch-rate="1" complexity="4">
          <methods>
            <method name="MoveNext" signature="()" line-rate="1" branch-rate="1" complexity="4">
              <lines>
                <line number="47" hits="16" branch="False" />
                <line number="48" hits="16" branch="False" />
                <line number="50" hits="16" branch="False" />
                <line number="52" hits="13" branch="True" condition-coverage="100% (2/2)">
                  <conditions>
                    <condition number="211" type="jump" coverage="100%" />
                  </conditions>
                </line>
                <line number="53" hits="5" branch="False" />
                <line number="54" hits="5" branch="False" />
                <line number="55" hits="5" branch="False" />
                <line number="56" hits="5" branch="False" />
                <line number="57" hits="5" branch="False" />
                <line number="58" hits="5" branch="False" />
                <line number="61" hits="8" branch="False" />
                <line number="63" hits="8" branch="False" />
                <line number="64" hits="8" branch="False" />
                <line number="65" hits="8" branch="False" />
                <line number="66" hits="8" branch="False" />
                <line number="68" hits="8" branch="True" condition-coverage="100% (2/2)">
                  <conditions>
                    <condition number="379" type="jump" coverage="100%" />
                  </conditions>
                </line>
                <line number="69" hits="13" branch="False" />
              </lines>
            </method>
          </methods>
          <lines>
            <line number="47" hits="16" branch="False" />
            <line number="48" hits="16" branch="False" />
            <line number="50" hits="16" branch="False" />
            <line number="52" hits="13" branch="True" condition-coverage="100% (2/2)">
              <conditions>
                <condition number="211" type="jump" coverage="100%" />
              </conditions>
            </line>
            <line number="53" hits="5" branch="False" />
            <line number="54" hits="5" branch="False" />
            <line number="55" hits="5" branch="False" />
            <line number="56" hits="5" branch="False" />
            <line number="57" hits="5" branch="False" />
            <line number="58" hits="5" branch="False" />
            <line number="61" hits="8" branch="False" />
            <line number="63" hits="8" branch="False" />
            <line number="64" hits="8" branch="False" />
            <line number="65" hits="8" branch="False" />
            <line number="66" hits="8" branch="False" />
            <line number="68" hits="8" branch="True" condition-coverage="100% (2/2)">
              <conditions>
                <condition number="379" type="jump" coverage="100%" />
              </conditions>
            </line>
            <line number="69" hits="13" branch="False" />
          </lines>
        </class>
        <class name="FileUploadService.Controllers.FilesController/&lt;GetFileMetadata&gt;d__5" filename="Controllers\FilesController.cs" line-rate="0.4545" branch-rate="0.5" complexity="2">
          <methods>
            <method name="MoveNext" signature="()" line-rate="0.4545" branch-rate="0.5" complexity="2">
              <lines>
                <line number="76" hits="7" branch="False" />
                <line number="80" hits="7" branch="False" />
                <line number="82" hits="7" branch="True" condition-coverage="50% (1/2)">
                  <conditions>
                    <condition number="164" type="jump" coverage="50%" />
                  </conditions>
                </line>
                <line number="83" hits="7" branch="False" />
                <line number="84" hits="7" branch="False" />
                <line number="85" hits="7" branch="False" />
                <line number="86" hits="7" branch="False" />
                <line number="87" hits="7" branch="False" />
                <line number="88" hits="7" branch="False" />
                <line number="91" hits="0" branch="False" />
                <line number="92" hits="0" branch="False" />
                <line number="93" hits="0" branch="False" />
                <line number="94" hits="0" branch="False" />
                <line number="95" hits="0" branch="False" />
                <line number="96" hits="0" branch="False" />
                <line number="97" hits="0" branch="False" />
                <line number="98" hits="0" branch="False" />
                <line number="99" hits="0" branch="False" />
                <line number="100" hits="0" branch="False" />
                <line number="101" hits="0" branch="False" />
                <line number="102" hits="0" branch="False" />
                <line number="103" hits="7" branch="False" />
              </lines>
            </method>
          </methods>
          <lines>
            <line number="76" hits="7" branch="False" />
            <line number="80" hits="7" branch="False" />
            <line number="82" hits="7" branch="True" condition-coverage="50% (1/2)">
              <conditions>
                <condition number="164" type="jump" coverage="50%" />
              </conditions>
            </line>
            <line number="83" hits="7" branch="False" />
            <line number="84" hits="7" branch="False" />
            <line number="85" hits="7" branch="False" />
            <line number="86" hits="7" branch="False" />
            <line number="87" hits="7" branch="False" />
            <line number="88" hits="7" branch="False" />
            <line number="91" hits="0" branch="False" />
            <line number="92" hits="0" branch="False" />
            <line number="93" hits="0" branch="False" />
            <line number="94" hits="0" branch="False" />
            <line number="95" hits="0" branch="False" />
            <line number="96" hits="0" branch="False" />
            <line number="97" hits="0" branch="False" />
            <line number="98" hits="0" branch="False" />
            <line number="99" hits="0" branch="False" />
            <line number="100" hits="0" branch="False" />
            <line number="101" hits="0" branch="False" />
            <line number="102" hits="0" branch="False" />
            <line number="103" hits="7" branch="False" />
          </lines>
        </class>
        <class name="FileUploadService.Controllers.FilesController/&lt;UploadFile&gt;d__3" filename="Controllers\FilesController.cs" line-rate="1" branch-rate="0.5" complexity="4">
          <methods>
            <method name="MoveNext" signature="()" line-rate="1" branch-rate="0.5" complexity="4">
              <lines>
                <line number="26" hits="10" branch="False" />
                <line number="27" hits="10" branch="True" condition-coverage="50% (2/4)">
                  <conditions>
                    <condition number="54" type="jump" coverage="50%" />
                    <condition number="80" type="jump" coverage="50%" />
                  </conditions>
                </line>
                <line number="28" hits="10" branch="False" />
                <line number="29" hits="10" branch="False" />
                <line number="30" hits="10" branch="False" />
                <line number="31" hits="10" branch="False" />
                <line number="33" hits="10" branch="False" />
                <line number="34" hits="6" branch="False" />
                <line number="35" hits="6" branch="False" />
                <line number="36" hits="6" branch="False" />
                <line number="37" hits="6" branch="False" />
                <line number="38" hits="6" branch="False" />
                <line number="39" hits="6" branch="False" />
                <line number="40" hits="6" branch="False" />
              </lines>
            </method>
          </methods>
          <lines>
            <line number="26" hits="10" branch="False" />
            <line number="27" hits="10" branch="True" condition-coverage="50% (2/4)">
              <conditions>
                <condition number="54" type="jump" coverage="50%" />
                <condition number="80" type="jump" coverage="50%" />
              </conditions>
            </line>
            <line number="28" hits="10" branch="False" />
            <line number="29" hits="10" branch="False" />
            <line number="30" hits="10" branch="False" />
            <line number="31" hits="10" branch="False" />
            <line number="33" hits="10" branch="False" />
            <line number="34" hits="6" branch="False" />
            <line number="35" hits="6" branch="False" />
            <line number="36" hits="6" branch="False" />
            <line number="37" hits="6" branch="False" />
            <line number="38" hits="6" branch="False" />
            <line number="39" hits="6" branch="False" />
            <line number="40" hits="6" branch="False" />
          </lines>
        </class>
        <class name="FileUploadService.Application.Implementation.DefaultClamClientFactory" filename="Application\Implementation\ClamClientAdapter.cs" line-rate="1" branch-rate="1" complexity="1">
          <methods>
            <method name="Create" signature="(System.String,System.Int32)" line-rate="1" branch-rate="1" complexity="1">
              <lines>
                <line number="10" hits="5" branch="False" />
              </lines>
            </method>
          </methods>
          <lines>
            <line number="10" hits="5" branch="False" />
          </lines>
        </class>
        <class name="FileUploadService.Application.Implementation.ClamClientAdapter" filename="Application\Implementation\ClamClientAdapter.cs" line-rate="1" branch-rate="1" complexity="2">
          <methods>
            <method name="PingAsync" signature="()" line-rate="1" branch-rate="1" complexity="1">
              <lines>
                <line number="26" hits="2" branch="False" />
              </lines>
            </method>
            <method name=".ctor" signature="(System.String,System.Int32)" line-rate="1" branch-rate="1" complexity="1">
              <lines>
                <line number="17" hits="12" branch="False" />
                <line number="18" hits="12" branch="False" />
                <line number="19" hits="12" branch="False" />
                <line number="20" hits="12" branch="False" />
                <line number="21" hits="12" branch="False" />
                <line number="22" hits="12" branch="False" />
                <line number="23" hits="12" branch="False" />
              </lines>
            </method>
          </methods>
          <lines>
            <line number="26" hits="2" branch="False" />
            <line number="17" hits="12" branch="False" />
            <line number="18" hits="12" branch="False" />
            <line number="19" hits="12" branch="False" />
            <line number="20" hits="12" branch="False" />
            <line number="21" hits="12" branch="False" />
            <line number="22" hits="12" branch="False" />
            <line number="23" hits="12" branch="False" />
          </lines>
        </class>
        <class name="FileUploadService.Application.Implementation.ClamClientAdapter/&lt;ScanAsync&gt;d__3" filename="Application\Implementation\ClamClientAdapter.cs" line-rate="0.9" branch-rate="0.6" complexity="10">
          <methods>
            <method name="MoveNext" signature="()" line-rate="0.9" branch-rate="0.6" complexity="10">
              <lines>
                <line number="29" hits="5" branch="False" />
                <line number="30" hits="5" branch="False" />
                <line number="32" hits="4" branch="True" condition-coverage="75% (3/4)">
                  <conditions>
                    <condition number="183" type="jump" coverage="100%" />
                    <condition number="190" type="jump" coverage="50%" />
                  </conditions>
                </line>
                <line number="33" hits="4" branch="False" />
                <line number="34" hits="3" branch="False" />
                <line number="35" hits="1" branch="True" condition-coverage="50% (3/6)">
                  <conditions>
                    <condition number="215" type="jump" coverage="50%" />
                    <condition number="227" type="jump" coverage="50%" />
                    <condition number="239" type="jump" coverage="50%" />
                  </conditions>
                </line>
                <line number="36" hits="1" branch="False" />
                <line number="37" hits="0" branch="False" />
                <line number="38" hits="4" branch="False" />
                <line number="39" hits="4" branch="False" />
              </lines>
            </method>
          </methods>
          <lines>
            <line number="29" hits="5" branch="False" />
            <line number="30" hits="5" branch="False" />
            <line number="32" hits="4" branch="True" condition-coverage="75% (3/4)">
              <conditions>
                <condition number="183" type="jump" coverage="100%" />
                <condition number="190" type="jump" coverage="50%" />
              </conditions>
            </line>
            <line number="33" hits="4" branch="False" />
            <line number="34" hits="3" branch="False" />
            <line number="35" hits="1" branch="True" condition-coverage="50% (3/6)">
              <conditions>
                <condition number="215" type="jump" coverage="50%" />
                <condition number="227" type="jump" coverage="50%" />
                <condition number="239" type="jump" coverage="50%" />
              </conditions>
            </line>
            <line number="36" hits="1" branch="False" />
            <line number="37" hits="0" branch="False" />
            <line number="38" hits="4" branch="False" />
            <line number="39" hits="4" branch="False" />
          </lines>
        </class>
        <class name="FileUploadService.Application.Implementation.EncryptionService" filename="Application\Implementation\EncryptionService.cs" line-rate="1" branch-rate="1" complexity="1">
          <methods>
            <method name=".ctor" signature="(Microsoft.Extensions.Options.IOptions`1&lt;FileUploadService.Application.Configurations.EncryptionSettings&gt;,Microsoft.Extensions.Logging.ILogger`1&lt;FileUploadService.Application.Implementation.EncryptionService&gt;)" line-rate="1" branch-rate="1" complexity="1">
              <lines>
                <line number="13" hits="43" branch="False" />
                <line number="14" hits="43" branch="False" />
                <line number="15" hits="43" branch="False" />
                <line number="16" hits="43" branch="False" />
                <line number="18" hits="43" branch="False" />
                <line number="19" hits="42" branch="False" />
                <line number="20" hits="42" branch="False" />
              </lines>
            </method>
          </methods>
          <lines>
            <line number="13" hits="43" branch="False" />
            <line number="14" hits="43" branch="False" />
            <line number="15" hits="43" branch="False" />
            <line number="16" hits="43" branch="False" />
            <line number="18" hits="43" branch="False" />
            <line number="19" hits="42" branch="False" />
            <line number="20" hits="42" branch="False" />
          </lines>
        </class>
        <class name="FileUploadService.Application.Implementation.EncryptionService/&lt;DecryptAsync&gt;d__4" filename="Application\Implementation\EncryptionService.cs" line-rate="1" branch-rate="1" complexity="4">
          <methods>
            <method name="MoveNext" signature="()" line-rate="1" branch-rate="1" complexity="4">
              <lines>
                <line number="63" hits="10" branch="False" />
                <line number="65" hits="29" branch="False" />
                <line number="66" hits="1" branch="False" />
                <line number="67" hits="1" branch="False" />
                <line number="68" hits="1" branch="False" />
                <line number="71" hits="9" branch="True" condition-coverage="100% (2/2)">
                  <conditions>
                    <condition number="83" type="jump" coverage="100%" />
                  </conditions>
                </line>
                <line number="72" hits="1" branch="False" />
                <line number="74" hits="8" branch="False" />
                <line number="75" hits="8" branch="False" />
                <line number="76" hits="8" branch="False" />
                <line number="77" hits="8" branch="False" />
                <line number="78" hits="8" branch="False" />
                <line number="79" hits="8" branch="False" />
                <line number="80" hits="8" branch="False" />
                <line number="82" hits="8" branch="False" />
                <line number="84" hits="8" branch="False" />
                <line number="87" hits="8" branch="False" />
                <line number="88" hits="8" branch="False" />
                <line number="90" hits="8" branch="False" />
                <line number="91" hits="8" branch="False" />
                <line number="92" hits="8" branch="False" />
                <line number="93" hits="8" branch="False" />
                <line number="94" hits="8" branch="False" />
                <line number="95" hits="8" branch="False" />
                <line number="97" hits="8" branch="True" condition-coverage="100% (2/2)">
                  <conditions>
                    <condition number="526" type="jump" coverage="100%" />
                  </conditions>
                </line>
                <line number="98" hits="7" branch="False" />
                <line number="99" hits="1" branch="False" />
                <line number="100" hits="1" branch="False" />
                <line number="101" hits="1" branch="False" />
                <line number="102" hits="1" branch="False" />
                <line number="105" hits="7" branch="False" />
                <line number="107" hits="7" branch="False" />
                <line number="108" hits="7" branch="False" />
                <line number="109" hits="7" branch="False" />
                <line number="110" hits="7" branch="False" />
                <line number="111" hits="7" branch="False" />
                <line number="113" hits="7" branch="False" />
                <line number="114" hits="7" branch="False" />
              </lines>
            </method>
          </methods>
          <lines>
            <line number="63" hits="10" branch="False" />
            <line number="65" hits="29" branch="False" />
            <line number="66" hits="1" branch="False" />
            <line number="67" hits="1" branch="False" />
            <line number="68" hits="1" branch="False" />
            <line number="71" hits="9" branch="True" condition-coverage="100% (2/2)">
              <conditions>
                <condition number="83" type="jump" coverage="100%" />
              </conditions>
            </line>
            <line number="72" hits="1" branch="False" />
            <line number="74" hits="8" branch="False" />
            <line number="75" hits="8" branch="False" />
            <line number="76" hits="8" branch="False" />
            <line number="77" hits="8" branch="False" />
            <line number="78" hits="8" branch="False" />
            <line number="79" hits="8" branch="False" />
            <line number="80" hits="8" branch="False" />
            <line number="82" hits="8" branch="False" />
            <line number="84" hits="8" branch="False" />
            <line number="87" hits="8" branch="False" />
            <line number="88" hits="8" branch="False" />
            <line number="90" hits="8" branch="False" />
            <line number="91" hits="8" branch="False" />
            <line number="92" hits="8" branch="False" />
            <line number="93" hits="8" branch="False" />
            <line number="94" hits="8" branch="False" />
            <line number="95" hits="8" branch="False" />
            <line number="97" hits="8" branch="True" condition-coverage="100% (2/2)">
              <conditions>
                <condition number="526" type="jump" coverage="100%" />
              </conditions>
            </line>
            <line number="98" hits="7" branch="False" />
            <line number="99" hits="1" branch="False" />
            <line number="100" hits="1" branch="False" />
            <line number="101" hits="1" branch="False" />
            <line number="102" hits="1" branch="False" />
            <line number="105" hits="7" branch="False" />
            <line number="107" hits="7" branch="False" />
            <line number="108" hits="7" branch="False" />
            <line number="109" hits="7" branch="False" />
            <line number="110" hits="7" branch="False" />
            <line number="111" hits="7" branch="False" />
            <line number="113" hits="7" branch="False" />
            <line number="114" hits="7" branch="False" />
          </lines>
        </class>
        <class name="FileUploadService.Application.Implementation.EncryptionService/&lt;EncryptAsync&gt;d__3" filename="Application\Implementation\EncryptionService.cs" line-rate="1" branch-rate="1" complexity="2">
          <methods>
            <method name="MoveNext" signature="()" line-rate="1" branch-rate="1" complexity="2">
              <lines>
                <line number="24" hits="27" branch="False" />
                <line number="25" hits="27" branch="False" />
                <line number="26" hits="27" branch="False" />
                <line number="27" hits="27" branch="False" />
                <line number="28" hits="27" branch="False" />
                <line number="29" hits="27" branch="False" />
                <line number="30" hits="27" branch="False" />
                <line number="31" hits="27" branch="False" />
                <line number="32" hits="27" branch="False" />
                <line number="34" hits="27" branch="False" />
                <line number="36" hits="27" branch="False" />
                <line number="37" hits="27" branch="False" />
                <line number="38" hits="27" branch="False" />
                <line number="39" hits="27" branch="False" />
                <line number="40" hits="27" branch="False" />
                <line number="41" hits="27" branch="False" />
                <line number="42" hits="27" branch="False" />
                <line number="43" hits="27" branch="False" />
                <line number="45" hits="27" branch="False" />
                <line number="46" hits="27" branch="True" condition-coverage="100% (2/2)">
                  <conditions>
                    <condition number="503" type="jump" coverage="100%" />
                  </conditions>
                </line>
                <line number="47" hits="27" branch="False" />
                <line number="49" hits="27" branch="False" />
                <line number="50" hits="27" branch="False" />
                <line number="51" hits="27" branch="False" />
                <line number="52" hits="27" branch="False" />
                <line number="54" hits="27" branch="False" />
                <line number="55" hits="27" branch="False" />
                <line number="56" hits="27" branch="False" />
                <line number="57" hits="27" branch="False" />
                <line number="58" hits="27" branch="False" />
                <line number="59" hits="27" branch="False" />
              </lines>
            </method>
          </methods>
          <lines>
            <line number="24" hits="27" branch="False" />
            <line number="25" hits="27" branch="False" />
            <line number="26" hits="27" branch="False" />
            <line number="27" hits="27" branch="False" />
            <line number="28" hits="27" branch="False" />
            <line number="29" hits="27" branch="False" />
            <line number="30" hits="27" branch="False" />
            <line number="31" hits="27" branch="False" />
            <line number="32" hits="27" branch="False" />
            <line number="34" hits="27" branch="False" />
            <line number="36" hits="27" branch="False" />
            <line number="37" hits="27" branch="False" />
            <line number="38" hits="27" branch="False" />
            <line number="39" hits="27" branch="False" />
            <line number="40" hits="27" branch="False" />
            <line number="41" hits="27" branch="False" />
            <line number="42" hits="27" branch="False" />
            <line number="43" hits="27" branch="False" />
            <line number="45" hits="27" branch="False" />
            <line number="46" hits="27" branch="True" condition-coverage="100% (2/2)">
              <conditions>
                <condition number="503" type="jump" coverage="100%" />
              </conditions>
            </line>
            <line number="47" hits="27" branch="False" />
            <line number="49" hits="27" branch="False" />
            <line number="50" hits="27" branch="False" />
            <line number="51" hits="27" branch="False" />
            <line number="52" hits="27" branch="False" />
            <line number="54" hits="27" branch="False" />
            <line number="55" hits="27" branch="False" />
            <line number="56" hits="27" branch="False" />
            <line number="57" hits="27" branch="False" />
            <line number="58" hits="27" branch="False" />
            <line number="59" hits="27" branch="False" />
          </lines>
        </class>
        <class name="FileUploadService.Application.Implementation.FileService" filename="Application\Implementation\FileService.cs" line-rate="1" branch-rate="1" complexity="4">
          <methods>
            <method name="GenerateReferenceId" signature="()" line-rate="1" branch-rate="1" complexity="1">
              <lines>
                <line number="212" hits="18" branch="False" />
                <line number="213" hits="18" branch="False" />
                <line number="214" hits="18" branch="False" />
                <line number="215" hits="18" branch="False" />
                <line number="216" hits="18" branch="False" />
              </lines>
            </method>
            <method name=".ctor" signature="(Microsoft.Extensions.Options.IOptions`1&lt;FileUploadService.Application.Configurations.FileStorageSettings&gt;,Microsoft.Extensions.Configuration.IConfiguration,Microsoft.Extensions.Logging.ILogger`1&lt;FileUploadService.Application.Implementation.FileService&gt;,FileUploadService.Application.Implementation.FileValidationService,FileUploadService.Application.Implementation.VirusScanService,FileUploadService.Application.Implementation.EncryptionService)" line-rate="1" branch-rate="1" complexity="2">
              <lines>
                <line number="21" hits="31" branch="False" />
                <line number="22" hits="31" branch="False" />
                <line number="23" hits="31" branch="False" />
                <line number="24" hits="31" branch="False" />
                <line number="25" hits="31" branch="False" />
                <line number="26" hits="31" branch="False" />
                <line number="27" hits="31" branch="False" />
                <line number="28" hits="31" branch="False" />
                <line number="29" hits="31" branch="False" />
                <line number="30" hits="31" branch="True" condition-coverage="100% (2/2)">
                  <conditions>
                    <condition number="33" type="jump" coverage="100%" />
                  </conditions>
                </line>
                <line number="31" hits="31" branch="False" />
                <line number="32" hits="30" branch="False" />
                <line number="33" hits="30" branch="False" />
                <line number="34" hits="30" branch="False" />
                <line number="35" hits="30" branch="False" />
[...]
            <line number="66" hits="3" branch="False" />
            <line number="68" hits="33" branch="False" />
          </lines>
        </class>
        <class name="FileUploadService.Application.DTOs.EncryptionResult" filename="Application\DTOs\EncryptionResult.cs" line-rate="1" branch-rate="1" complexity="2">
          <methods>
            <method name="get_EncryptedBytes" signature="()" line-rate="1" branch-rate="1" complexity="1">
              <lines>
                <line number="5" hits="80" branch="False" />
              </lines>
            </method>
            <method name="get_IvBase64" signature="()" line-rate="1" branch-rate="1" complexity="1">
              <lines>
                <line number="7" hits="80" branch="False" />
              </lines>
            </method>
          </methods>
          <lines>
            <line number="5" hits="80" branch="False" />
            <line number="7" hits="80" branch="False" />
          </lines>
        </class>
        <class name="FileUploadService.Application.DTOs.FileMetadata" filename="Application\DTOs\FileMetadata.cs" line-rate="1" branch-rate="1" complexity="10">
          <methods>
            <method name="get_Id" signature="()" line-rate="1" branch-rate="1" complexity="1">
              <lines>
                <line number="5" hits="53" branch="False" />
              </lines>
            </method>
            <method name="get_ReferenceId" signature="()" line-rate="1" branch-rate="1" complexity="1">
              <lines>
                <line number="6" hits="118" branch="False" />
              </lines>
            </method>
            <method name="get_OriginalFilename" signature="()" line-rate="1" branch-rate="1" complexity="1">
              <lines>
                <line number="7" hits="129" branch="False" />
              </lines>
            </method>
            <method name="get_StoragePath" signature="()" line-rate="1" branch-rate="1" complexity="1">
              <lines>
                <line number="8" hits="110" branch="False" />
              </lines>
            </method>
            <method name="get_ContentType" signature="()" line-rate="1" branch-rate="1" complexity="1">
              <lines>
                <line number="9" hits="87" branch="False" />
              </lines>
            </method>
            <method name="get_FileSize" signature="()" line-rate="1" branch-rate="1" complexity="1">
              <lines>
                <line number="10" hits="76" branch="False" />
              </lines>
            </method>
            <method name="get_UploadedBy" signature="()" line-rate="1" branch-rate="1" complexity="1">
              <lines>
                <line number="11" hits="39" branch="False" />
              </lines>
            </method>
            <method name="get_CreatedAt" signature="()" line-rate="1" branch-rate="1" complexity="1">
              <lines>
                <line number="12" hits="75" branch="False" />
              </lines>
            </method>
            <method name="get_Iv" signature="()" line-rate="1" branch-rate="1" complexity="1">
              <lines>
                <line number="14" hits="60" branch="False" />
              </lines>
            </method>
            <method name="get_IsEncrypted" signature="()" line-rate="1" branch-rate="1" complexity="1">
              <lines>
                <line number="16" hits="63" branch="False" />
              </lines>
            </method>
          </methods>
          <lines>
            <line number="5" hits="53" branch="False" />
            <line number="6" hits="118" branch="False" />
            <line number="7" hits="129" branch="False" />
            <line number="8" hits="110" branch="False" />
            <line number="9" hits="87" branch="False" />
            <line number="10" hits="76" branch="False" />
            <line number="11" hits="39" branch="False" />
            <line number="12" hits="75" branch="False" />
            <line number="14" hits="60" branch="False" />
            <line number="16" hits="63" branch="False" />
          </lines>
        </class>
        <class name="FileUploadService.Application.DTOs.FileUploadRequest" filename="Application\DTOs\FileUploadRequest.cs" line-rate="1" branch-rate="1" complexity="2">
          <methods>
            <method name="get_File" signature="()" line-rate="1" branch-rate="1" complexity="1">
              <lines>
                <line number="6" hits="70" branch="False" />
              </lines>
            </method>
            <method name="get_UploadedBy" signature="()" line-rate="1" branch-rate="1" complexity="1">
              <lines>
                <line number="8" hits="21" branch="False" />
              </lines>
            </method>
          </methods>
          <lines>
            <line number="6" hits="70" branch="False" />
            <line number="8" hits="21" branch="False" />
          </lines>
        </class>
        <class name="FileUploadService.Application.DTOs.FileUploadResponse" filename="Application\DTOs\FileUploadResponse.cs" line-rate="1" branch-rate="1" complexity="5">
          <methods>
            <method name="get_ReferenceId" signature="()" line-rate="1" branch-rate="1" complexity="1">
              <lines>
                <line number="6" hits="74" branch="False" />
              </lines>
            </method>
            <method name="get_OriginalFilename" signature="()" line-rate="1" branch-rate="1" complexity="1">
              <lines>
                <line number="8" hits="58" branch="False" />
              </lines>
            </method>
            <method name="get_ContentType" signature="()" line-rate="1" branch-rate="1" complexity="1">
              <lines>
                <line number="10" hits="31" branch="False" />
              </lines>
            </method>
            <method name="get_FileSizeBytes" signature="()" line-rate="1" branch-rate="1" complexity="1">
              <lines>
                <line number="12" hits="33" branch="False" />
              </lines>
            </method>
            <method name="get_CreatedAt" signature="()" line-rate="1" branch-rate="1" complexity="1">
              <lines>
                <line number="14" hits="31" branch="False" />
              </lines>
            </method>
          </methods>
          <lines>
            <line number="6" hits="74" branch="False" />
            <line number="8" hits="58" branch="False" />
            <line number="10" hits="31" branch="False" />
            <line number="12" hits="33" branch="False" />
            <line number="14" hits="31" branch="False" />
          </lines>
        </class>
        <class name="FileUploadService.Application.DTOs.FileValidationException" filename="Application\DTOs\FileValidationException.cs" line-rate="1" branch-rate="0.5" complexity="3">
          <methods>
            <method name="get_ValidationResult" signature="()" line-rate="1" branch-rate="1" complexity="1">
              <lines>
                <line number="5" hits="15" branch="False" />
              </lines>
            </method>
            <method name=".ctor" signature="(FileUploadService.Application.DTOs.FileValidationResult)" line-rate="1" branch-rate="0.5" complexity="2">
              <lines>
                <line number="8" hits="7" branch="True" condition-coverage="50% (1/2)">
                  <conditions>
                    <condition number="8" type="jump" coverage="50%" />
                  </conditions>
                </line>
                <line number="9" hits="7" branch="False" />
                <line number="10" hits="7" branch="False" />
                <line number="11" hits="7" branch="False" />
              </lines>
            </method>
          </methods>
          <lines>
            <line number="5" hits="15" branch="False" />
            <line number="8" hits="7" branch="True" condition-coverage="50% (1/2)">
              <conditions>
                <condition number="8" type="jump" coverage="50%" />
              </conditions>
            </line>
            <line number="9" hits="7" branch="False" />
            <line number="10" hits="7" branch="False" />
            <line number="11" hits="7" branch="False" />
          </lines>
        </class>
        <class name="FileUploadService.Application.DTOs.FileValidationResult" filename="Application\DTOs\FileValidationResult.cs" line-rate="1" branch-rate="1" complexity="3">
          <methods>
            <method name="get_IsValid" signature="()" line-rate="1" branch-rate="1" complexity="1">
              <lines>
                <line number="5" hits="463" branch="False" />
              </lines>
            </method>
            <method name="get_FailureReason" signature="()" line-rate="1" branch-rate="1" complexity="1">
              <lines>
                <line number="7" hits="87" branch="False" />
              </lines>
            </method>
            <method name="get_Details" signature="()" line-rate="1" branch-rate="1" complexity="1">
              <lines>
                <line number="9" hits="414" branch="False" />
              </lines>
            </method>
          </methods>
          <lines>
            <line number="5" hits="463" branch="False" />
            <line number="7" hits="87" branch="False" />
            <line number="9" hits="414" branch="False" />
          </lines>
        </class>
        <class name="FileUploadService.Application.DTOs.ValidationDetails" filename="Application\DTOs\FileValidationResult.cs" line-rate="1" branch-rate="1" complexity="4">
          <methods>
            <method name="get_ClaimedExtension" signature="()" line-rate="1" branch-rate="1" complexity="1">
              <lines>
                <line number="15" hits="123" branch="False" />
              </lines>
            </method>
            <method name="get_ClaimedMimeType" signature="()" line-rate="1" branch-rate="1" complexity="1">
              <lines>
                <line number="17" hits="53" branch="False" />
              </lines>
            </method>
            <method name="get_DetectedFileType" signature="()" line-rate="1" branch-rate="1" complexity="1">
              <lines>
                <line number="19" hits="68" branch="False" />
              </lines>
            </method>
            <method name="get_FileSizeBytes" signature="()" line-rate="1" branch-rate="1" complexity="1">
              <lines>
                <line number="21" hits="53" branch="False" />
              </lines>
            </method>
          </methods>
          <lines>
            <line number="15" hits="123" branch="False" />
            <line number="17" hits="53" branch="False" />
            <line number="19" hits="68" branch="False" />
            <line number="21" hits="53" branch="False" />
          </lines>
        </class>
        <class name="FileUploadService.Application.DTOs.VirusDetectedException" filename="Application\DTOs\VirusExceptions.cs" line-rate="1" branch-rate="1" complexity="2">
          <methods>
            <method name="get_ThreatName" signature="()" line-rate="1" branch-rate="1" complexity="1">
              <lines>
                <line number="5" hits="6" branch="False" />
              </lines>
            </method>
            <method name=".ctor" signature="(System.String)" line-rate="1" branch-rate="1" complexity="1">
              <lines>
                <line number="8" hits="6" branch="False" />
                <line number="9" hits="6" branch="False" />
                <line number="10" hits="6" branch="False" />
                <line number="11" hits="6" branch="False" />
              </lines>
            </method>
          </methods>
          <lines>
            <line number="5" hits="6" branch="False" />
            <line number="8" hits="6" branch="False" />
            <line number="9" hits="6" branch="False" />
            <line number="10" hits="6" branch="False" />
            <line number="11" hits="6" branch="False" />
          </lines>
        </class>
        <class name="FileUploadService.Application.DTOs.VirusScanException" filename="Application\DTOs\VirusExceptions.cs" line-rate="1" branch-rate="1" complexity="1">
          <methods>
            <method name=".ctor" signature="(System.String)" line-rate="1" branch-rate="1" complexity="1">
              <lines>
                <line number="16" hits="12" branch="False" />
              </lines>
            </method>
          </methods>
          <lines>
            <line number="16" hits="12" branch="False" />
          </lines>
        </class>
        <class name="FileUploadService.Application.DTOs.VirusScanResult" filename="Application\DTOs\VirusScanResult.cs" line-rate="1" branch-rate="1" complexity="6">
          <methods>
            <method name="get_IsClean" signature="()" line-rate="1" branch-rate="1" complexity="1">
              <lines>
                <line number="5" hits="166" branch="False" />
              </lines>
            </method>
            <method name="get_ThreatName" signature="()" line-rate="1" branch-rate="1" complexity="1">
              <lines>
                <line number="7" hits="34" branch="False" />
              </lines>
            </method>
            <method name="get_ScannerUnavailable" signature="()" line-rate="1" branch-rate="1" complexity="1">
              <lines>
                <line number="9" hits="70" branch="False" />
              </lines>
            </method>
            <method name="Clean" signature="()" line-rate="1" branch-rate="1" complexity="1">
              <lines>
                <line number="12" hits="86" branch="False" />
              </lines>
            </method>
            <method name="Infected" signature="(System.String)" line-rate="1" branch-rate="1" complexity="1">
              <lines>
                <line number="15" hits="11" branch="False" />
              </lines>
            </method>
            <method name="Unavailable" signature="()" line-rate="1" branch-rate="1" complexity="1">
              <lines>
                <line number="18" hits="9" branch="False" />
              </lines>
            </method>
          </methods>
          <lines>
            <line number="5" hits="166" branch="False" />
            <line number="7" hits="34" branch="False" />
            <line number="9" hits="70" branch="False" />
            <line number="12" hits="86" branch="False" />
            <line number="15" hits="11" branch="False" />
            <line number="18" hits="9" branch="False" />
          </lines>
        </class>
        <class name="FileUploadService.Application.Configurations.FileStorageSettings" filename="Application\Configurations\FileStorageSettings.cs" line-rate="1" branch-rate="1" complexity="4">
          <methods>
            <method name="get_BasePath" signature="()" line-rate="1" branch-rate="1" complexity="1">
              <lines>
                <line number="8" hits="133" branch="False" />
              </lines>
            </method>
            <method name="get_MaxFileSizeBytes" signature="()" line-rate="1" branch-rate="1" complexity="1">
              <lines>
                <line number="10" hits="105" branch="False" />
              </lines>
            </method>
            <method name="get_AllowedExtensions" signature="()" line-rate="1" branch-rate="1" complexity="1">
              <lines>
                <line number="12" hits="190" branch="False" />
              </lines>
            </method>
            <method name="get_AllowedMimeTypes" signature="()" line-rate="1" branch-rate="1" complexity="1">
              <lines>
                <line number="14" hits="149" branch="False" />
              </lines>
            </method>
          </methods>
          <lines>
            <line number="8" hits="133" branch="False" />
            <line number="10" hits="105" branch="False" />
            <line number="12" hits="190" branch="False" />
            <line number="14" hits="149" branch="False" />
          </lines>
        </class>
        <class name="FileUploadService.Application.Configurations.ClamAvSettings" filename="Application\Configurations\FileStorageSettings.cs" line-rate="1" branch-rate="1" complexity="3">
          <methods>
            <method name="get_Host" signature="()" line-rate="1" branch-rate="1" complexity="1">
              <lines>
                <line number="20" hits="127" branch="False" />
              </lines>
            </method>
            <method name="get_Port" signature="()" line-rate="1" branch-rate="1" complexity="1">
              <lines>
                <line number="21" hits="127" branch="False" />
              </lines>
            </method>
            <method name="get_TimeoutSeconds" signature="()" line-rate="1" branch-rate="1" complexity="1">
              <lines>
                <line number="22" hits="90" branch="False" />
              </lines>
            </method>
          </methods>
          <lines>
            <line number="20" hits="127" branch="False" />
            <line number="21" hits="127" branch="False" />
            <line number="22" hits="90" branch="False" />
          </lines>
        </class>
        <class name="FileUploadService.Application.Configurations.EncryptionSettings" filename="Application\Configurations\FileStorageSettings.cs" line-rate="1" branch-rate="1" complexity="5">
          <methods>
            <method name="get_AesKey" signature="()" line-rate="1" branch-rate="1" complexity="1">
              <lines>
                <line number="30" hits="191" branch="False" />
              </lines>
            </method>
            <method name="GetKeyBytes" signature="()" line-rate="1" branch-rate="1" complexity="4">
              <lines>
                <line number="33" hits="48" branch="False" />
                <line number="34" hits="48" branch="True" condition-coverage="100% (2/2)">
                  <conditions>
                    <condition number="14" type="jump" coverage="100%" />
                  </conditions>
                </line>
                <line number="35" hits="3" branch="False" />
                <line number="37" hits="45" branch="False" />
                <line number="39" hits="45" branch="True" condition-coverage="100% (2/2)">
                  <conditions>
                    <condition number="51" type="jump" coverage="100%" />
                  </conditions>
                </line>
                <line number="40" hits="2" branch="False" />
                <line number="41" hits="2" branch="False" />
                <line number="42" hits="2" branch="False" />
                <line number="44" hits="43" branch="False" />
                <line number="45" hits="43" branch="False" />
              </lines>
            </method>
          </methods>
          <lines>
            <line number="30" hits="191" branch="False" />
            <line number="33" hits="48" branch="False" />
            <line number="34" hits="48" branch="True" condition-coverage="100% (2/2)">
              <conditions>
                <condition number="14" type="jump" coverage="100%" />
              </conditions>
            </line>
            <line number="35" hits="3" branch="False" />
            <line number="37" hits="45" branch="False" />
            <line number="39" hits="45" branch="True" condition-coverage="100% (2/2)">
              <conditions>
                <condition number="51" type="jump" coverage="100%" />
              </conditions>
            </line>
            <line number="40" hits="2" branch="False" />
            <line number="41" hits="2" branch="False" />
            <line number="42" hits="2" branch="False" />
            <line number="44" hits="43" branch="False" />
            <line number="45" hits="43" branch="False" />
          </lines>
        </class>
      </classes>
    </package>
  </packages>
</coverage>